<?xml version="1.0" encoding="UTF-8"?>
<!-- Generated by org.testng.reporters.JUnitXMLReporter -->
<testsuite ignored="0" hostname="Rupa" failures="1" tests="2" name="Test" time="30.758" errors="0" timestamp="2024-11-03T01:15:04 IST">
  <testcase classname="testCases.TC001_AccountRegistrationTest" name="verify_accountregistration_test" time="2.619"/>
  <testcase classname="testCases.TC002_LoginTest" name="verify_login" time="11.356">
    <failure type="java.lang.AssertionError" message="Login failed expected [true] but found [false]">
      <![CDATA[java.lang.AssertionError: Login failed expected [true] but found [false]
at testCases.TC002_LoginTest.verify_login(TC002_LoginTest.java:36)
at java.base/java.util.ArrayList.forEach(ArrayList.java:1596)
... Removed 31 stack frames]]>
    </failure>
  </testcase> <!-- verify_login -->
</testsuite> <!-- Test -->
