<?xml version="1.0" encoding="UTF-8"?>
<testng-results ignored="0" total="2" passed="2" failed="0" skipped="0">
  <reporter-output>
  </reporter-output>
  <suite started-at="2024-11-09T19:26:58 IST" name="Suite" finished-at="2024-11-09T19:27:10 IST" duration-ms="12360">
    <groups>
      <group name="Master">
        <method signature="TC001_AccountRegistrationTest.verify_accountregistration_test()[pri:0, instance:testCases.TC001_AccountRegistrationTest@67d18ed7]" name="verify_accountregistration_test" class="testCases.TC001_AccountRegistrationTest"/>
        <method signature="TC002_LoginTest.verify_login()[pri:0, instance:testCases.TC002_LoginTest@6cc558c6]" name="verify_login" class="testCases.TC002_LoginTest"/>
      </group> <!-- Master -->
      <group name="Sanity">
        <method signature="TC002_LoginTest.verify_login()[pri:0, instance:testCases.TC002_LoginTest@6cc558c6]" name="verify_login" class="testCases.TC002_LoginTest"/>
      </group> <!-- Sanity -->
      <group name="Regression">
        <method signature="TC001_AccountRegistrationTest.verify_accountregistration_test()[pri:0, instance:testCases.TC001_AccountRegistrationTest@67d18ed7]" name="verify_accountregistration_test" class="testCases.TC001_AccountRegistrationTest"/>
      </group> <!-- Regression -->
    </groups>
    <test started-at="2024-11-09T19:26:58 IST" name="Test" finished-at="2024-11-09T19:27:10 IST" duration-ms="12360">
      <class name="testCases.TC002_LoginTest">
        <test-method is-config="true" signature="setup(java.lang.String,java.lang.String)[pri:0, instance:testCases.TC002_LoginTest@6cc558c6]" started-at="2024-11-09T19:27:05 IST" name="setup" finished-at="2024-11-09T19:27:08 IST" duration-ms="3046" status="PASS">
          <params>
            <param index="0">
              <value>
                <![CDATA[Windows]]>
              </value>
            </param>
            <param index="1">
              <value>
                <![CDATA[Chrome]]>
              </value>
            </param>
          </params>
          <reporter-output>
          </reporter-output>
        </test-method> <!-- setup -->
        <test-method signature="verify_login()[pri:0, instance:testCases.TC002_LoginTest@6cc558c6]" started-at="2024-11-09T19:27:08 IST" name="verify_login" finished-at="2024-11-09T19:27:10 IST" duration-ms="1839" status="PASS">
          <reporter-output>
          </reporter-output>
        </test-method> <!-- verify_login -->
        <test-method is-config="true" signature="tearDown()[pri:0, instance:testCases.TC002_LoginTest@6cc558c6]" started-at="2024-11-09T19:27:10 IST" name="tearDown" finished-at="2024-11-09T19:27:10 IST" duration-ms="162" status="PASS">
          <reporter-output>
          </reporter-output>
        </test-method> <!-- tearDown -->
      </class> <!-- testCases.TC002_LoginTest -->
      <class name="testCases.TC001_AccountRegistrationTest">
        <test-method is-config="true" signature="setup(java.lang.String,java.lang.String)[pri:0, instance:testCases.TC001_AccountRegistrationTest@67d18ed7]" started-at="2024-11-09T19:26:58 IST" name="setup" finished-at="2024-11-09T19:27:02 IST" duration-ms="3860" status="PASS">
          <params>
            <param index="0">
              <value>
                <![CDATA[Windows]]>
              </value>
            </param>
            <param index="1">
              <value>
                <![CDATA[Chrome]]>
              </value>
            </param>
          </params>
          <reporter-output>
          </reporter-output>
        </test-method> <!-- setup -->
        <test-method signature="verify_accountregistration_test()[pri:0, instance:testCases.TC001_AccountRegistrationTest@67d18ed7]" started-at="2024-11-09T19:27:02 IST" name="verify_accountregistration_test" finished-at="2024-11-09T19:27:05 IST" duration-ms="2997" status="PASS">
          <reporter-output>
          </reporter-output>
        </test-method> <!-- verify_accountregistration_test -->
        <test-method is-config="true" signature="tearDown()[pri:0, instance:testCases.TC001_AccountRegistrationTest@67d18ed7]" started-at="2024-11-09T19:27:05 IST" name="tearDown" finished-at="2024-11-09T19:27:05 IST" duration-ms="184" status="PASS">
          <reporter-output>
          </reporter-output>
        </test-method> <!-- tearDown -->
      </class> <!-- testCases.TC001_AccountRegistrationTest -->
    </test> <!-- Test -->
  </suite> <!-- Suite -->
</testng-results>
